<?xml version="1.0" encoding="utf-8" standalone="no"?>
<!--This file represents the results of running a test suite-->
<test-results name="C:\Repositorios\NET\XadesNet\XadesNetTest.nunit" total="1" errors="0" failures="0" not-run="0" inconclusive="0" ignored="0" skipped="0" invalid="0" date="2010-11-01" time="11:27:04">
  <environment nunit-version="2.5.8.10295" clr-version="2.0.50727.3053" os-version="Microsoft Windows NT 5.1.2600 Service Pack 3" platform="Win32NT" cwd="C:\Repositorios\NET\XadesNet\Testing\bin\Debug" machine-name="Ritchie" user="Administrador" user-domain="Ritchie" />
  <culture-info current-culture="es-ES_tradnl" current-uiculture="es-ES" />
  <test-suite type="Project" name="C:\Repositorios\NET\XadesNet\XadesNetTest.nunit" executed="True" result="Success" success="True" time="0.031" asserts="0">
    <results>
      <test-suite type="Assembly" name="C:\Repositorios\NET\XadesNet\Testing\bin\Debug\Testing.dll" executed="True" result="Success" success="True" time="0.016" asserts="0">
        <results>
          <test-suite type="Namespace" name="Testing" executed="True" result="Success" success="True" time="0.016" asserts="0">
            <results>
              <test-suite type="TestFixture" name="CertificatesTest" executed="True" result="Success" success="True" time="0.016" asserts="0">
                <results>
                  <test-case name="Testing.CertificatesTest.CheckNullParamsTest" executed="True" result="Success" success="True" time="0.016" asserts="0" />
                </results>
              </test-suite>
            </results>
          </test-suite>
        </results>
      </test-suite>
    </results>
  </test-suite>
</test-results>